<?xml version="1.0" encoding="UTF-8"?>
<testsuite xmlns:xsi="http://www.w3.org/2001/XMLSchema-instance" xsi:noNamespaceSchemaLocation="https://maven.apache.org/surefire/maven-surefire-plugin/xsd/surefire-test-report.xsd" name="hadoop.ch09.v17124080205.AppTest" time="0.054" tests="1" errors="0" skipped="0" failures="0">
  <properties>
    <property name="sun.desktop" value="windows"/>
    <property name="awt.toolkit" value="sun.awt.windows.WToolkit"/>
    <property name="file.encoding.pkg" value="sun.io"/>
    <property name="java.specification.version" value="1.8"/>
    <property name="sun.cpu.isalist" value="amd64"/>
    <property name="sun.jnu.encoding" value="GBK"/>
    <property name="java.class.path" value="D:\HR\HADOOP_NOSQL\hadoop\ldeaProjects\mypro9_3\target\test-classes;D:\HR\HADOOP_NOSQL\hadoop\ldeaProjects\mypro9_3\target\classes;D:\HR\HADOOP_NOSQL\hadoop\Hadoop  app\apache-maven-3.6.2-bin\junit\junit\4.11\junit-4.11.jar;D:\HR\HADOOP_NOSQL\hadoop\Hadoop  app\apache-maven-3.6.2-bin\org\hamcrest\hamcrest-core\1.3\hamcrest-core-1.3.jar;D:\HR\HADOOP_NOSQL\hadoop\Hadoop  app\apache-maven-3.6.2-bin\org\apache\zookeeper\zookeeper\3.4.13\zookeeper-3.4.13.jar;D:\HR\HADOOP_NOSQL\hadoop\Hadoop  app\apache-maven-3.6.2-bin\org\slf4j\slf4j-api\1.7.25\slf4j-api-1.7.25.jar;D:\HR\HADOOP_NOSQL\hadoop\Hadoop  app\apache-maven-3.6.2-bin\org\slf4j\slf4j-log4j12\1.7.25\slf4j-log4j12-1.7.25.jar;D:\HR\HADOOP_NOSQL\hadoop\Hadoop  app\apache-maven-3.6.2-bin\log4j\log4j\1.2.17\log4j-1.2.17.jar;D:\HR\HADOOP_NOSQL\hadoop\Hadoop  app\apache-maven-3.6.2-bin\jline\jline\0.9.94\jline-0.9.94.jar;D:\HR\HADOOP_NOSQL\hadoop\Hadoop  app\apache-maven-3.6.2-bin\org\apache\yetus\audience-annotations\0.5.0\audience-annotations-0.5.0.jar;D:\HR\HADOOP_NOSQL\hadoop\Hadoop  app\apache-maven-3.6.2-bin\io\netty\netty\3.10.6.Final\netty-3.10.6.Final.jar;D:\HR\HADOOP_NOSQL\hadoop\Hadoop  app\apache-maven-3.6.2-bin\com\101tec\zkclient\0.9\zkclient-0.9.jar;"/>
    <property name="java.vm.vendor" value="Oracle Corporation"/>
    <property name="sun.arch.data.model" value="64"/>
    <property name="user.variant" value=""/>
    <property name="java.vendor.url" value="http://java.oracle.com/"/>
    <property name="user.timezone" value="Asia/Shanghai"/>
    <property name="java.vm.specification.version" value="1.8"/>
    <property name="os.name" value="Windows 10"/>
    <property name="user.country" value="CN"/>
    <property name="sun.java.launcher" value="SUN_STANDARD"/>
    <property name="sun.boot.library.path" value="C:\Program Files\Java\jdk1.8.0_221\jre\bin"/>
    <property name="sun.java.command" value="C:\Users\RONGER\AppData\Local\Temp\surefire7999537452062297355\surefirebooter1405071632416696580.jar C:\Users\RONGER\AppData\Local\Temp\surefire7999537452062297355 2019-12-06T11-17-16_007-jvmRun1 surefire2164518770464178600tmp surefire_03277944740719994632tmp"/>
    <property name="surefire.test.class.path" value="D:\HR\HADOOP_NOSQL\hadoop\ldeaProjects\mypro9_3\target\test-classes;D:\HR\HADOOP_NOSQL\hadoop\ldeaProjects\mypro9_3\target\classes;D:\HR\HADOOP_NOSQL\hadoop\Hadoop  app\apache-maven-3.6.2-bin\junit\junit\4.11\junit-4.11.jar;D:\HR\HADOOP_NOSQL\hadoop\Hadoop  app\apache-maven-3.6.2-bin\org\hamcrest\hamcrest-core\1.3\hamcrest-core-1.3.jar;D:\HR\HADOOP_NOSQL\hadoop\Hadoop  app\apache-maven-3.6.2-bin\org\apache\zookeeper\zookeeper\3.4.13\zookeeper-3.4.13.jar;D:\HR\HADOOP_NOSQL\hadoop\Hadoop  app\apache-maven-3.6.2-bin\org\slf4j\slf4j-api\1.7.25\slf4j-api-1.7.25.jar;D:\HR\HADOOP_NOSQL\hadoop\Hadoop  app\apache-maven-3.6.2-bin\org\slf4j\slf4j-log4j12\1.7.25\slf4j-log4j12-1.7.25.jar;D:\HR\HADOOP_NOSQL\hadoop\Hadoop  app\apache-maven-3.6.2-bin\log4j\log4j\1.2.17\log4j-1.2.17.jar;D:\HR\HADOOP_NOSQL\hadoop\Hadoop  app\apache-maven-3.6.2-bin\jline\jline\0.9.94\jline-0.9.94.jar;D:\HR\HADOOP_NOSQL\hadoop\Hadoop  app\apache-maven-3.6.2-bin\org\apache\yetus\audience-annotations\0.5.0\audience-annotations-0.5.0.jar;D:\HR\HADOOP_NOSQL\hadoop\Hadoop  app\apache-maven-3.6.2-bin\io\netty\netty\3.10.6.Final\netty-3.10.6.Final.jar;D:\HR\HADOOP_NOSQL\hadoop\Hadoop  app\apache-maven-3.6.2-bin\com\101tec\zkclient\0.9\zkclient-0.9.jar;"/>
    <property name="sun.cpu.endian" value="little"/>
    <property name="user.home" value="C:\Users\RONGER"/>
    <property name="user.language" value="zh"/>
    <property name="java.specification.vendor" value="Oracle Corporation"/>
    <property name="java.home" value="C:\Program Files\Java\jdk1.8.0_221\jre"/>
    <property name="basedir" value="D:\HR\HADOOP_NOSQL\hadoop\ldeaProjects\mypro9_3"/>
    <property name="file.separator" value="\"/>
    <property name="line.separator" value="&#10;"/>
    <property name="idea.version2019.2.3" value="true"/>
    <property name="java.vm.specification.vendor" value="Oracle Corporation"/>
    <property name="java.specification.name" value="Java Platform API Specification"/>
    <property name="java.awt.graphicsenv" value="sun.awt.Win32GraphicsEnvironment"/>
    <property name="surefire.real.class.path" value="C:\Users\RONGER\AppData\Local\Temp\surefire7999537452062297355\surefirebooter1405071632416696580.jar"/>
    <property name="sun.boot.class.path" value="C:\Program Files\Java\jdk1.8.0_221\jre\lib\resources.jar;C:\Program Files\Java\jdk1.8.0_221\jre\lib\rt.jar;C:\Program Files\Java\jdk1.8.0_221\jre\lib\sunrsasign.jar;C:\Program Files\Java\jdk1.8.0_221\jre\lib\jsse.jar;C:\Program Files\Java\jdk1.8.0_221\jre\lib\jce.jar;C:\Program Files\Java\jdk1.8.0_221\jre\lib\charsets.jar;C:\Program Files\Java\jdk1.8.0_221\jre\lib\jfr.jar;C:\Program Files\Java\jdk1.8.0_221\jre\classes"/>
    <property name="user.script" value=""/>
    <property name="sun.management.compiler" value="HotSpot 64-Bit Tiered Compilers"/>
    <property name="java.runtime.version" value="1.8.0_221-b11"/>
    <property name="user.name" value="RONGER"/>
    <property name="path.separator" value=";"/>
    <property name="os.version" value="10.0"/>
    <property name="java.endorsed.dirs" value="C:\Program Files\Java\jdk1.8.0_221\jre\lib\endorsed"/>
    <property name="java.runtime.name" value="Java(TM) SE Runtime Environment"/>
    <property name="file.encoding" value="GBK"/>
    <property name="java.vm.name" value="Java HotSpot(TM) 64-Bit Server VM"/>
    <property name="localRepository" value="D:\HR\HADOOP_NOSQL\hadoop\Hadoop  app\apache-maven-3.6.2-bin"/>
    <property name="java.vendor.url.bug" value="http://bugreport.sun.com/bugreport/"/>
    <property name="java.io.tmpdir" value="C:\Users\RONGER\AppData\Local\Temp\"/>
    <property name="java.version" value="1.8.0_221"/>
    <property name="user.dir" value="D:\HR\HADOOP_NOSQL\hadoop\ldeaProjects\mypro9_3"/>
    <property name="os.arch" value="amd64"/>
    <property name="java.vm.specification.name" value="Java Virtual Machine Specification"/>
    <property name="java.awt.printerjob" value="sun.awt.windows.WPrinterJob"/>
    <property name="sun.os.patch.level" value=""/>
    <property name="java.library.path" value="C:\Program Files\Java\jdk1.8.0_221\jre\bin;C:\Windows\Sun\Java\bin;C:\Windows\system32;C:\Windows;C:\Program Files (x86)\Common Files\Oracle\Java\javapath;D:\HR\HADOOP_NOSQL\hadoop\Hadoop  app\Xftp\;D:\HR\HADOOP_NOSQL\hadoop\Hadoop  app\Xshell\;C:\Windows\system32;C:\Windows;C:\Windows\System32\Wbem;C:\Windows\System32\WindowsPowerShell\v1.0\;C:\Windows\System32\OpenSSH\;D:\HR\HADOOP_NOSQL\hadoop\Hadoop  app\apache-maven-3.6.2-bin\apache-maven-3.6.2\bin;C:\Program Files\Java\jdk1.8.0_221\bin;D:\HR\app\git\Git\cmd;D:\HR\app\Anaconda3;D:\HR\app\Anaconda3\Library\mingw-w64\bin;D:\HR\app\Anaconda3\Library\usr\bin;D:\HR\app\Anaconda3\Library\bin;D:\HR\app\Anaconda3\Scripts;C:\Users\RONGER\AppData\Local\Microsoft\WindowsApps;D:\HR\HADOOP_NOSQL\hadoop\Hadoop  app\IDEA3\idea\IntelliJ IDEA 2019.2.3\bin;;D:\HR\app\pycharm\PyCharm 2019.2.2\bin;;."/>
    <property name="java.vm.info" value="mixed mode"/>
    <property name="java.vendor" value="Oracle Corporation"/>
    <property name="java.vm.version" value="25.221-b11"/>
    <property name="java.ext.dirs" value="C:\Program Files\Java\jdk1.8.0_221\jre\lib\ext;C:\Windows\Sun\Java\lib\ext"/>
    <property name="sun.io.unicode.encoding" value="UnicodeLittle"/>
    <property name="java.class.version" value="52.0"/>
  </properties>
  <testcase name="shouldAnswerWithTrue" classname="hadoop.ch09.v17124080205.AppTest" time="0.002"/>
</testsuite>